2025-05-12 17:14:53.882 [main] INFO  c.e.m.c.ConsumerServiceApplication - Starting ConsumerServiceApplication using Java 17.0.11 with PID 2017533 (/dev2/java/vmware/forkz/spring-cloud-kubernetes/spring-cloud-kubernetes-controllers/spring-cloud-kubernetes-consumer-service/target/classes started by eric in /dev2/java/vmware/forkz/spring-cloud-kubernetes/spring-cloud-kubernetes-controllers) 
2025-05-12 17:14:53.888 [main] INFO  c.e.m.c.ConsumerServiceApplication - No active profile set, falling back to 1 default profile: "default" 
2025-05-12 17:14:56.829 [main] INFO  o.s.c.c.s.GenericScope - BeanFactory id=dd3ec036-bcf6-3ddd-a28b-2ddd28b64634 
2025-05-12 17:15:00.368 [main] INFO  o.s.b.a.e.w.EndpointLinksResolver - Exposing 16 endpoints beneath base path '/actuator' 
2025-05-12 17:15:02.406 [main] INFO  o.s.b.w.e.n.NettyWebServer - Netty started on port 8080 (http) 
2025-05-12 17:15:02.486 [main] INFO  c.e.m.c.ConsumerServiceApplication - Started ConsumerServiceApplication in 9.696 seconds (process running for 19.622) 
2025-05-12 17:18:49.095 [main] INFO  c.e.m.c.ConsumerServiceApplication - Starting ConsumerServiceApplication using Java 17.0.11 with PID 2033920 (/dev2/java/vmware/forkz/spring-cloud-kubernetes/spring-cloud-kubernetes-controllers/spring-cloud-kubernetes-consumer-service/target/classes started by eric in /dev2/java/vmware/forkz/spring-cloud-kubernetes/spring-cloud-kubernetes-controllers) 
2025-05-12 17:18:49.106 [main] DEBUG c.e.m.c.ConsumerServiceApplication - Running with Spring Boot v3.5.0-SNAPSHOT, Spring v6.2.7-SNAPSHOT 
2025-05-12 17:18:49.109 [main] INFO  c.e.m.c.ConsumerServiceApplication - No active profile set, falling back to 1 default profile: "default" 
2025-05-12 17:18:53.032 [main] INFO  o.s.c.c.s.GenericScope - BeanFactory id=dd3ec036-bcf6-3ddd-a28b-2ddd28b64634 
2025-05-12 17:18:57.545 [main] INFO  o.s.b.a.e.w.EndpointLinksResolver - Exposing 16 endpoints beneath base path '/actuator' 
2025-05-12 17:18:59.946 [main] INFO  o.s.b.w.e.n.NettyWebServer - Netty started on port 8080 (http) 
2025-05-12 17:18:59.998 [main] INFO  c.e.m.c.ConsumerServiceApplication - Started ConsumerServiceApplication in 12.129 seconds (process running for 20.39) 
2025-05-12 17:19:30.131 [reactor-http-epoll-2] DEBUG c.e.m.c.ConsumerServiceController - ConfigConsumerController.getTimeoutConfiguration() Begins... 
2025-05-12 17:19:40.867 [reactor-http-epoll-2] ERROR o.s.b.a.w.r.e.AbstractErrorWebExceptionHandler - [2096155c-1]  500 Server Error for HTTP GET "/get-config" 
java.lang.NullPointerException: Cannot invoke "com.eric.microservices.config.Configuration.getConnectionTimeoutMillis()" because "this.configuration" is null
	at com.eric.microservices.consumerservice.ConsumerServiceController.getTimeoutConfiguration(ConsumerServiceController.java:52)
	Suppressed: reactor.core.publisher.FluxOnAssembly$OnAssemblyException: 
Error has been observed at the following site(s):
	*__checkpoint ⇢ HTTP GET "/get-config" [ExceptionHandlingWebHandler]
Original Stack Trace:
		at com.eric.microservices.consumerservice.ConsumerServiceController.getTimeoutConfiguration(ConsumerServiceController.java:52)
		at java.base/jdk.internal.reflect.NativeMethodAccessorImpl.invoke0(Native Method)
		at java.base/jdk.internal.reflect.NativeMethodAccessorImpl.invoke(NativeMethodAccessorImpl.java:77)
		at java.base/jdk.internal.reflect.DelegatingMethodAccessorImpl.invoke(DelegatingMethodAccessorImpl.java:43)
		at java.base/java.lang.reflect.Method.invoke(Method.java:568)
		at org.springframework.web.reactive.result.method.InvocableHandlerMethod.lambda$invoke$0(InvocableHandlerMethod.java:208)
		at reactor.core.publisher.FluxFlatMap.trySubscribeScalarMap(FluxFlatMap.java:153)
		at reactor.core.publisher.MonoFlatMap.subscribeOrReturn(MonoFlatMap.java:53)
		at reactor.core.publisher.InternalMonoOperator.subscribe(InternalMonoOperator.java:63)
		at reactor.core.publisher.MonoDefer.subscribe(MonoDefer.java:53)
		at reactor.core.publisher.MonoIgnoreThen$ThenIgnoreMain.subscribeNext(MonoIgnoreThen.java:241)
		at reactor.core.publisher.MonoIgnoreThen$ThenIgnoreMain.onComplete(MonoIgnoreThen.java:204)
		at reactor.core.publisher.MonoFlatMap$FlatMapMain.onComplete(MonoFlatMap.java:189)
		at reactor.core.publisher.Operators.complete(Operators.java:137)
		at reactor.core.publisher.MonoZip.subscribe(MonoZip.java:121)
		at reactor.core.publisher.Mono.subscribe(Mono.java:4576)
		at reactor.core.publisher.MonoIgnoreThen$ThenIgnoreMain.subscribeNext(MonoIgnoreThen.java:265)
		at reactor.core.publisher.MonoIgnoreThen.subscribe(MonoIgnoreThen.java:51)
		at reactor.core.publisher.InternalMonoOperator.subscribe(InternalMonoOperator.java:76)
		at reactor.core.publisher.MonoFlatMap$FlatMapMain.onNext(MonoFlatMap.java:165)
		at reactor.core.publisher.FluxOnErrorResume$ResumeSubscriber.onNext(FluxOnErrorResume.java:79)
		at reactor.core.publisher.FluxSwitchIfEmpty$SwitchIfEmptySubscriber.onNext(FluxSwitchIfEmpty.java:74)
		at reactor.core.publisher.MonoNext$NextSubscriber.onNext(MonoNext.java:82)
		at reactor.core.publisher.FluxConcatMapNoPrefetch$FluxConcatMapNoPrefetchSubscriber.innerNext(FluxConcatMapNoPrefetch.java:259)
		at reactor.core.publisher.FluxConcatMap$ConcatMapInner.onNext(FluxConcatMap.java:865)
		at reactor.core.publisher.FluxMapFuseable$MapFuseableSubscriber.onNext(FluxMapFuseable.java:129)
		at reactor.core.publisher.MonoPeekTerminal$MonoTerminalPeekSubscriber.onNext(MonoPeekTerminal.java:180)
		at reactor.core.publisher.Operators$ScalarSubscription.request(Operators.java:2570)
		at reactor.core.publisher.MonoPeekTerminal$MonoTerminalPeekSubscriber.request(MonoPeekTerminal.java:139)
		at reactor.core.publisher.FluxMapFuseable$MapFuseableSubscriber.request(FluxMapFuseable.java:171)
		at reactor.core.publisher.Operators$MultiSubscriptionSubscriber.request(Operators.java:2330)
		at reactor.core.publisher.FluxConcatMapNoPrefetch$FluxConcatMapNoPrefetchSubscriber.request(FluxConcatMapNoPrefetch.java:339)
		at reactor.core.publisher.MonoNext$NextSubscriber.request(MonoNext.java:108)
		at reactor.core.publisher.Operators$MultiSubscriptionSubscriber.set(Operators.java:2366)
		at reactor.core.publisher.Operators$MultiSubscriptionSubscriber.onSubscribe(Operators.java:2240)
		at reactor.core.publisher.MonoNext$NextSubscriber.onSubscribe(MonoNext.java:70)
		at reactor.core.publisher.FluxConcatMapNoPrefetch$FluxConcatMapNoPrefetchSubscriber.onSubscribe(FluxConcatMapNoPrefetch.java:164)
		at reactor.core.publisher.FluxIterable.subscribe(FluxIterable.java:201)
		at reactor.core.publisher.FluxIterable.subscribe(FluxIterable.java:83)
		at reactor.core.publisher.InternalMonoOperator.subscribe(InternalMonoOperator.java:76)
		at reactor.core.publisher.MonoDefer.subscribe(MonoDefer.java:53)
		at reactor.core.publisher.Mono.subscribe(Mono.java:4576)
		at reactor.core.publisher.MonoIgnoreThen$ThenIgnoreMain.subscribeNext(MonoIgnoreThen.java:265)
		at reactor.core.publisher.MonoIgnoreThen.subscribe(MonoIgnoreThen.java:51)
		at reactor.core.publisher.InternalMonoOperator.subscribe(InternalMonoOperator.java:76)
		at reactor.core.publisher.MonoDeferContextual.subscribe(MonoDeferContextual.java:55)
		at reactor.netty.http.server.HttpServer$HttpServerHandle.onStateChange(HttpServer.java:1324)
		at reactor.netty.ReactorNetty$CompositeConnectionObserver.onStateChange(ReactorNetty.java:722)
		at reactor.netty.transport.ServerTransport$ChildObserver.onStateChange(ServerTransport.java:486)
		at reactor.netty.http.server.HttpServerOperations.handleDefaultHttpRequest(HttpServerOperations.java:864)
		at reactor.netty.http.server.HttpServerOperations.onInboundNext(HttpServerOperations.java:790)
		at reactor.netty.channel.ChannelOperationsHandler.channelRead(ChannelOperationsHandler.java:115)
		at io.netty.channel.AbstractChannelHandlerContext.invokeChannelRead(AbstractChannelHandlerContext.java:444)
		at io.netty.channel.AbstractChannelHandlerContext.invokeChannelRead(AbstractChannelHandlerContext.java:420)
		at io.netty.channel.AbstractChannelHandlerContext.fireChannelRead(AbstractChannelHandlerContext.java:412)
		at reactor.netty.http.server.HttpTrafficHandler.channelRead(HttpTrafficHandler.java:272)
		at io.netty.channel.AbstractChannelHandlerContext.invokeChannelRead(AbstractChannelHandlerContext.java:442)
		at io.netty.channel.AbstractChannelHandlerContext.invokeChannelRead(AbstractChannelHandlerContext.java:420)
		at io.netty.channel.AbstractChannelHandlerContext.fireChannelRead(AbstractChannelHandlerContext.java:412)
		at io.netty.channel.CombinedChannelDuplexHandler$DelegatingChannelHandlerContext.fireChannelRead(CombinedChannelDuplexHandler.java:436)
		at io.netty.handler.codec.ByteToMessageDecoder.fireChannelRead(ByteToMessageDecoder.java:346)
		at io.netty.handler.codec.ByteToMessageDecoder.channelRead(ByteToMessageDecoder.java:318)
		at io.netty.channel.CombinedChannelDuplexHandler.channelRead(CombinedChannelDuplexHandler.java:251)
		at io.netty.channel.AbstractChannelHandlerContext.invokeChannelRead(AbstractChannelHandlerContext.java:442)
		at io.netty.channel.AbstractChannelHandlerContext.invokeChannelRead(AbstractChannelHandlerContext.java:420)
		at io.netty.channel.AbstractChannelHandlerContext.fireChannelRead(AbstractChannelHandlerContext.java:412)
		at io.netty.channel.DefaultChannelPipeline$HeadContext.channelRead(DefaultChannelPipeline.java:1357)
		at io.netty.channel.AbstractChannelHandlerContext.invokeChannelRead(AbstractChannelHandlerContext.java:440)
		at io.netty.channel.AbstractChannelHandlerContext.invokeChannelRead(AbstractChannelHandlerContext.java:420)
		at io.netty.channel.DefaultChannelPipeline.fireChannelRead(DefaultChannelPipeline.java:868)
		at io.netty.channel.epoll.AbstractEpollStreamChannel$EpollStreamUnsafe.epollInReady(AbstractEpollStreamChannel.java:799)
		at io.netty.channel.epoll.EpollEventLoop.processReady(EpollEventLoop.java:501)
		at io.netty.channel.epoll.EpollEventLoop.run(EpollEventLoop.java:399)
		at io.netty.util.concurrent.SingleThreadEventExecutor$4.run(SingleThreadEventExecutor.java:998)
		at io.netty.util.internal.ThreadExecutorMap$2.run(ThreadExecutorMap.java:74)
		at io.netty.util.concurrent.FastThreadLocalRunnable.run(FastThreadLocalRunnable.java:30)
		at java.base/java.lang.Thread.run(Thread.java:840)
